2024-11-04 12:17:18,185 - INFO - Current price of META: 565.5700
2024-11-04 12:17:18,435 - INFO - Current price of MSFT: 410.2900
2024-11-04 12:17:18,450 - INFO - Current price of AMZN: 197.0900
2024-11-04 12:17:18,474 - INFO - Current price of AAPL: 222.6101
2024-11-04 12:17:48,868 - INFO - Current price of META: 565.5700
2024-11-04 12:17:48,989 - INFO - Current price of AAPL: 222.6101
2024-11-04 12:17:48,989 - INFO - Current price of MSFT: 410.2900
2024-11-04 12:17:49,174 - INFO - Current price of AMZN: 197.0900
2024-11-04 12:18:19,487 - INFO - Current price of AAPL: 222.6101
2024-11-04 12:18:19,542 - INFO - Current price of MSFT: 410.2900
2024-11-04 12:18:19,581 - INFO - Current price of META: 565.5700
2024-11-04 12:18:19,888 - INFO - Current price of AMZN: 197.0900
2024-11-04 12:18:50,019 - INFO - Current price of AAPL: 222.6101
2024-11-04 12:18:50,230 - INFO - Current price of MSFT: 410.2900
2024-11-04 12:18:50,287 - INFO - Current price of META: 565.5700
2024-11-04 12:18:50,614 - INFO - Current price of AMZN: 197.0900
2024-11-04 12:19:20,780 - INFO - Current price of AAPL: 222.6101
2024-11-04 12:19:20,809 - INFO - Current price of MSFT: 410.2900
2024-11-04 12:19:21,066 - INFO - Current price of META: 565.5700
2024-11-04 12:19:21,295 - INFO - Current price of AMZN: 197.0900
2024-11-04 12:19:51,289 - INFO - Current price of AAPL: 222.6101
2024-11-04 12:19:51,551 - INFO - Current price of MSFT: 410.2900
2024-11-04 12:19:51,744 - INFO - Current price of AMZN: 197.0900
2024-11-04 12:19:51,788 - INFO - Current price of META: 565.5700
2024-11-04 12:20:21,858 - INFO - Current price of AAPL: 222.6101
2024-11-04 12:20:22,014 - INFO - Current price of MSFT: 410.2900
2024-11-04 12:20:22,503 - INFO - Current price of AMZN: 197.0900
2024-11-04 12:20:22,588 - INFO - Current price of META: 565.5700
2024-11-04 12:20:52,315 - WARNING - No data available for MSFT
2024-11-04 12:20:52,401 - WARNING - No data available for AAPL
2024-11-04 12:20:52,858 - WARNING - No data available for META
2024-11-04 12:20:53,008 - WARNING - No data available for AMZN
2024-11-13 11:56:27,961 - INFO - Current price of AAPL: 224.0600
2024-11-13 11:56:27,977 - INFO - Current price of META: 582.5600
2024-11-13 11:56:27,993 - INFO - Current price of AMZN: 208.9800
2024-11-13 11:56:28,295 - INFO - Current price of MSFT: 423.1500
2024-11-13 11:56:58,536 - INFO - Current price of AAPL: 224.0600
2024-11-13 11:56:58,561 - INFO - Current price of META: 582.5600
2024-11-13 11:56:58,667 - INFO - Current price of AMZN: 208.9800
2024-11-13 11:56:58,790 - INFO - Current price of MSFT: 423.1500
